{"/Users/jet/Documents/TAFE/semester-2/project_implementation/assessments/proj2/appoint-me-backend/__test__/database.js": {"path":"/Users/jet/Documents/TAFE/semester-2/project_implementation/assessments/proj2/appoint-me-backend/__test__/database.js","statementMap":{"0":{"start":{"line":2,"column":15},"end":{"line":2,"column":32}},"1":{"start":{"line":3,"column":0},"end":{"line":3,"column":15}},"2":{"start":{"line":5,"column":17},"end":{"line":5,"column":36}},"3":{"start":{"line":7,"column":16},"end":{"line":15,"column":1}},"4":{"start":{"line":10,"column":4},"end":{"line":14,"column":10}},"5":{"start":{"line":17,"column":0},"end":{"line":17,"column":24}}},"fnMap":{"0":{"name":"(anonymous_0)","decl":{"start":{"line":7,"column":16},"end":{"line":7,"column":17}},"loc":{"start":{"line":7,"column":22},"end":{"line":15,"column":1}},"line":7}},"branchMap":{},"s":{"0":1,"1":1,"2":1,"3":1,"4":1,"5":1},"f":{"0":1},"b":{},"_coverageSchema":"1a1c01bbd47fc00a2c39e90264f33305004495a9","hash":"11ac6870a5c4710324655e5e30df7547691cc066"}
,"/Users/jet/Documents/TAFE/semester-2/project_implementation/assessments/proj2/appoint-me-backend/__test__/mockTempUsers.js": {"path":"/Users/jet/Documents/TAFE/semester-2/project_implementation/assessments/proj2/appoint-me-backend/__test__/mockTempUsers.js","statementMap":{"0":{"start":{"line":1,"column":15},"end":{"line":1,"column":32}},"1":{"start":{"line":3,"column":18},"end":{"line":20,"column":1}},"2":{"start":{"line":22,"column":0},"end":{"line":22,"column":27}}},"fnMap":{},"branchMap":{},"s":{"0":1,"1":1,"2":1},"f":{},"b":{},"_coverageSchema":"1a1c01bbd47fc00a2c39e90264f33305004495a9","hash":"2b1a445cc7e8a7bac8f2b4e9c0745e2c77d65504"}
,"/Users/jet/Documents/TAFE/semester-2/project_implementation/assessments/proj2/appoint-me-backend/__test__/mockUsers.js": {"path":"/Users/jet/Documents/TAFE/semester-2/project_implementation/assessments/proj2/appoint-me-backend/__test__/mockUsers.js","statementMap":{"0":{"start":{"line":1,"column":15},"end":{"line":1,"column":32}},"1":{"start":{"line":3,"column":14},"end":{"line":37,"column":1}},"2":{"start":{"line":39,"column":0},"end":{"line":39,"column":23}}},"fnMap":{},"branchMap":{},"s":{"0":1,"1":1,"2":1},"f":{},"b":{},"_coverageSchema":"1a1c01bbd47fc00a2c39e90264f33305004495a9","hash":"c6602fc343f41a617ea91d55f440fabb07d16b2f"}
,"/Users/jet/Documents/TAFE/semester-2/project_implementation/assessments/proj2/appoint-me-backend/__test__/pushMockData.js": {"path":"/Users/jet/Documents/TAFE/semester-2/project_implementation/assessments/proj2/appoint-me-backend/__test__/pushMockData.js","statementMap":{"0":{"start":{"line":2,"column":13},"end":{"line":2,"column":43}},"1":{"start":{"line":3,"column":17},"end":{"line":3,"column":51}},"2":{"start":{"line":4,"column":18},"end":{"line":4,"column":40}},"3":{"start":{"line":5,"column":22},"end":{"line":5,"column":48}},"4":{"start":{"line":7,"column":0},"end":{"line":20,"column":1}},"5":{"start":{"line":8,"column":18},"end":{"line":14,"column":6}},"6":{"start":{"line":9,"column":8},"end":{"line":13,"column":9}},"7":{"start":{"line":16,"column":4},"end":{"line":19,"column":10}},"8":{"start":{"line":18,"column":12},"end":{"line":18,"column":77}},"9":{"start":{"line":22,"column":0},"end":{"line":35,"column":1}},"10":{"start":{"line":23,"column":18},"end":{"line":29,"column":6}},"11":{"start":{"line":24,"column":8},"end":{"line":28,"column":9}},"12":{"start":{"line":31,"column":4},"end":{"line":34,"column":10}},"13":{"start":{"line":33,"column":12},"end":{"line":33,"column":82}}},"fnMap":{"0":{"name":"(anonymous_0)","decl":{"start":{"line":7,"column":31},"end":{"line":7,"column":32}},"loc":{"start":{"line":7,"column":37},"end":{"line":20,"column":1}},"line":7},"1":{"name":"(anonymous_1)","decl":{"start":{"line":8,"column":32},"end":{"line":8,"column":33}},"loc":{"start":{"line":8,"column":40},"end":{"line":14,"column":5}},"line":8},"2":{"name":"(anonymous_2)","decl":{"start":{"line":17,"column":14},"end":{"line":17,"column":15}},"loc":{"start":{"line":17,"column":23},"end":{"line":19,"column":9}},"line":17},"3":{"name":"(anonymous_3)","decl":{"start":{"line":22,"column":35},"end":{"line":22,"column":36}},"loc":{"start":{"line":22,"column":41},"end":{"line":35,"column":1}},"line":22},"4":{"name":"(anonymous_4)","decl":{"start":{"line":23,"column":36},"end":{"line":23,"column":37}},"loc":{"start":{"line":23,"column":48},"end":{"line":29,"column":5}},"line":23},"5":{"name":"(anonymous_5)","decl":{"start":{"line":32,"column":14},"end":{"line":32,"column":15}},"loc":{"start":{"line":32,"column":23},"end":{"line":34,"column":9}},"line":32}},"branchMap":{},"s":{"0":1,"1":1,"2":1,"3":1,"4":1,"5":1,"6":2,"7":1,"8":1,"9":1,"10":1,"11":1,"12":1,"13":1},"f":{"0":1,"1":2,"2":1,"3":1,"4":1,"5":1},"b":{},"_coverageSchema":"1a1c01bbd47fc00a2c39e90264f33305004495a9","hash":"0eb1ce6d606908389e344ab04af62ff4e686d814"}
,"/Users/jet/Documents/TAFE/semester-2/project_implementation/assessments/proj2/appoint-me-backend/models/addressSchema.js": {"path":"/Users/jet/Documents/TAFE/semester-2/project_implementation/assessments/proj2/appoint-me-backend/models/addressSchema.js","statementMap":{"0":{"start":{"line":1,"column":17},"end":{"line":1,"column":36}},"1":{"start":{"line":3,"column":22},"end":{"line":35,"column":1}},"2":{"start":{"line":37,"column":0},"end":{"line":37,"column":30}}},"fnMap":{},"branchMap":{},"s":{"0":1,"1":1,"2":1},"f":{},"b":{},"_coverageSchema":"1a1c01bbd47fc00a2c39e90264f33305004495a9","hash":"b0b7360eb8b68aee660b6ed2f2b3332b894872a0"}
,"/Users/jet/Documents/TAFE/semester-2/project_implementation/assessments/proj2/appoint-me-backend/models/appointmentSchema.js": {"path":"/Users/jet/Documents/TAFE/semester-2/project_implementation/assessments/proj2/appoint-me-backend/models/appointmentSchema.js","statementMap":{"0":{"start":{"line":1,"column":18},"end":{"line":1,"column":37}},"1":{"start":{"line":3,"column":26},"end":{"line":37,"column":2}},"2":{"start":{"line":39,"column":0},"end":{"line":39,"column":34}}},"fnMap":{},"branchMap":{},"s":{"0":1,"1":1,"2":1},"f":{},"b":{},"_coverageSchema":"1a1c01bbd47fc00a2c39e90264f33305004495a9","hash":"37e8b802dd59c9a14704b67f81fa234dc59e987b"}
,"/Users/jet/Documents/TAFE/semester-2/project_implementation/assessments/proj2/appoint-me-backend/models/tempUserModel.js": {"path":"/Users/jet/Documents/TAFE/semester-2/project_implementation/assessments/proj2/appoint-me-backend/models/tempUserModel.js","statementMap":{"0":{"start":{"line":1,"column":17},"end":{"line":1,"column":36}},"1":{"start":{"line":2,"column":22},"end":{"line":2,"column":48}},"2":{"start":{"line":4,"column":23},"end":{"line":35,"column":2}},"3":{"start":{"line":37,"column":17},"end":{"line":37,"column":59}},"4":{"start":{"line":39,"column":0},"end":{"line":39,"column":25}}},"fnMap":{},"branchMap":{},"s":{"0":1,"1":1,"2":1,"3":1,"4":1},"f":{},"b":{},"_coverageSchema":"1a1c01bbd47fc00a2c39e90264f33305004495a9","hash":"0a63c70c783c4eb70d6e0b59786578453ccd275c"}
,"/Users/jet/Documents/TAFE/semester-2/project_implementation/assessments/proj2/appoint-me-backend/models/userModel.js": {"path":"/Users/jet/Documents/TAFE/semester-2/project_implementation/assessments/proj2/appoint-me-backend/models/userModel.js","statementMap":{"0":{"start":{"line":1,"column":17},"end":{"line":1,"column":36}},"1":{"start":{"line":2,"column":22},"end":{"line":2,"column":48}},"2":{"start":{"line":3,"column":26},"end":{"line":3,"column":56}},"3":{"start":{"line":5,"column":19},"end":{"line":39,"column":2}},"4":{"start":{"line":41,"column":13},"end":{"line":41,"column":47}},"5":{"start":{"line":43,"column":0},"end":{"line":43,"column":21}}},"fnMap":{},"branchMap":{},"s":{"0":1,"1":1,"2":1,"3":1,"4":1,"5":1},"f":{},"b":{},"_coverageSchema":"1a1c01bbd47fc00a2c39e90264f33305004495a9","hash":"99f382bf00ca1856a5e913f44247add33694a64c"}
}
